2023-12-16 17:47:37,317  INFO [main] OperatorTest:23 - open Browser...........
2023-12-16 17:48:03,398  INFO [main] OperatorTest:23 - open Browser...........
2023-12-16 19:02:12,477  INFO [main] UsefulLinkTest:29 - Open Broweser............
2023-12-16 19:04:05,879  INFO [main] LoginTest:23 - Browser open........
2023-12-16 19:05:12,507  INFO [main] DashTest:25 - Open browser.....
2023-12-16 19:05:16,239  INFO [main] DashTest:33 - Verify Title.....
2023-12-16 19:06:07,005  INFO [main] DownloadTest:26 - open Browser........
2023-12-16 19:07:02,049  INFO [main] OperatorTest:26 - open Browser...........
2023-12-17 00:39:12,217  INFO [main] DashTest:25 - Open browser.....
2023-12-17 00:39:21,173  INFO [main] DashTest:34 - Verify Title.....
2023-12-17 00:43:54,572  INFO [main] DashTest:25 - Open browser.....
2023-12-17 00:44:01,080  INFO [main] DashTest:34 - Verify Title.....
2023-12-17 00:45:18,340  INFO [main] DashTest:25 - Open browser.....
2023-12-17 00:45:25,716  INFO [main] DashTest:34 - Verify Title.....
2023-12-17 00:55:24,952  INFO [main] DashTest:25 - Open browser.....
2023-12-17 00:55:31,424  INFO [main] DashTest:34 - Verify Title.....
2023-12-17 00:56:12,824  INFO [main] DashTest:25 - Open browser.....
2023-12-17 00:56:18,828  INFO [main] DashTest:34 - Verify Title.....
2023-12-17 00:59:19,569  INFO [main] DashTest:25 - Open browser.....
2023-12-17 00:59:28,526  INFO [main] DashTest:34 - Verify Title.....
2023-12-17 09:39:55,050  INFO [main] DashTest:25 - Open browser.....
2023-12-17 09:40:04,027  INFO [main] DashTest:34 - Verify Title.....
2023-12-17 09:41:09,913  INFO [main] DashTest:25 - Open browser.....
2023-12-17 09:41:15,379  INFO [main] DashTest:34 - Verify Title.....
2023-12-17 09:42:56,540  INFO [main] DashTest:25 - Open browser.....
2023-12-17 09:43:02,105  INFO [main] DashTest:34 - Verify Title.....
2023-12-17 09:49:36,494  INFO [main] LoginTest:23 - Browser open........
2023-12-17 09:50:07,388  INFO [main] LoginTest:23 - Browser open........
2023-12-17 10:03:16,331  INFO [main] LoginTest:24 - Browser open........
2023-12-17 10:47:01,136  INFO [main] LoginTest:21 - Browser open........
